2023-07-18 23:49:15 [32mINFO[m i.a.w.ApplicationInitializer(configureTemporal):359 - Configuring Temporal....
2023-07-18 23:49:15 [32mINFO[m i.a.c.t.TemporalUtils(configureTemporalNamespace):189 - Workflow execution TTL differs for namespace default. Changing from (1 day) to (30 days). 
2023-07-18 23:49:20 [32mINFO[m i.a.w.ApplicationInitializer(initializeControlPlaneDependencies):205 - Checking config database flyway migration version...
2023-07-18 23:49:20 [33mWARN[m i.a.d.c.DatabaseAvailabilityCheck(check):38 - Waiting for database to become available...
2023-07-18 23:49:20 [32mINFO[m i.a.d.c.DatabaseAvailabilityCheck(lambda$isDatabaseConnected$1):75 - Testing airbyte configs database connection...
2023-07-18 23:49:20 [32mINFO[m i.a.d.c.DatabaseAvailabilityCheck(check):57 - Database available.
2023-07-18 23:49:20 [32mINFO[m o.f.c.i.l.s.Slf4jLog(info):49 - Flyway Community Edition 7.14.0 by Redgate
2023-07-18 23:49:20 [32mINFO[m o.f.c.i.l.s.Slf4jLog(info):49 - Database: jdbc:postgresql://db:5432/airbyte (PostgreSQL 13.11)
2023-07-18 23:49:20 [32mINFO[m o.f.c.i.l.s.Slf4jLog(info):49 - Flyway Community Edition 7.14.0 by Redgate
2023-07-18 23:49:20 [32mINFO[m i.a.d.c.DatabaseMigrationCheck(check):46 - Current database migration version 0.50.6.002.
2023-07-18 23:49:20 [32mINFO[m i.a.d.c.DatabaseMigrationCheck(check):47 - Minimum Flyway version required 0.40.23.002.
2023-07-18 23:49:20 [32mINFO[m i.a.d.c.DatabaseMigrationCheck(check):62 - Verified that database has been migrated to the required minimum version 0.40.23.002.
2023-07-18 23:49:20 [32mINFO[m i.a.w.ApplicationInitializer(initializeControlPlaneDependencies):209 - Checking jobs database flyway migration version...
2023-07-18 23:49:20 [33mWARN[m i.a.d.c.DatabaseAvailabilityCheck(check):38 - Waiting for database to become available...
2023-07-18 23:49:20 [32mINFO[m i.a.d.c.DatabaseAvailabilityCheck(lambda$isDatabaseConnected$1):75 - Testing airbyte jobs database connection...
2023-07-18 23:49:20 [32mINFO[m i.a.d.c.DatabaseAvailabilityCheck(check):57 - Database available.
2023-07-18 23:49:20 [32mINFO[m o.f.c.i.l.s.Slf4jLog(info):49 - Flyway Community Edition 7.14.0 by Redgate
2023-07-18 23:49:20 [32mINFO[m o.f.c.i.l.s.Slf4jLog(info):49 - Database: jdbc:postgresql://db:5432/airbyte (PostgreSQL 13.11)
2023-07-18 23:49:20 [32mINFO[m o.f.c.i.l.s.Slf4jLog(info):49 - Flyway Community Edition 7.14.0 by Redgate
2023-07-18 23:49:20 [32mINFO[m i.a.d.c.DatabaseMigrationCheck(check):46 - Current database migration version 0.50.4.001.
2023-07-18 23:49:20 [32mINFO[m i.a.d.c.DatabaseMigrationCheck(check):47 - Minimum Flyway version required 0.40.26.001.
2023-07-18 23:49:20 [32mINFO[m i.a.d.c.DatabaseMigrationCheck(check):62 - Verified that database has been migrated to the required minimum version 0.40.26.001.
2023-07-18 23:49:20 [32mINFO[m i.a.w.ApplicationInitializer(initializeControlPlaneDependencies):213 - Checking jobs database availability...
2023-07-18 23:49:20 [33mWARN[m i.a.d.c.DatabaseAvailabilityCheck(check):38 - Waiting for database to become available...
2023-07-18 23:49:20 [32mINFO[m i.a.d.c.DatabaseAvailabilityCheck(lambda$isDatabaseConnected$1):75 - Testing airbyte jobs database connection...
2023-07-18 23:49:20 [32mINFO[m i.a.d.c.DatabaseAvailabilityCheck(check):57 - Database available.
2023-07-18 23:49:20 [32mINFO[m i.a.w.ApplicationInitializer(registerWorkerFactory):219 - Registering worker factories....
2023-07-18 23:49:20 [32mINFO[m i.a.w.ApplicationInitializer(registerGetSpec):315 - Get Spec Workflow registered.
2023-07-18 23:49:20 [32mINFO[m i.a.w.ApplicationInitializer(registerCheckConnection):268 - Check Connection Workflow registered.
2023-07-18 23:49:20 [32mINFO[m i.a.w.ApplicationInitializer(registerDiscover):301 - Discover Workflow registered.
2023-07-18 23:49:20 [32mINFO[m i.a.w.ApplicationInitializer(registerSync):328 - Registering sync workflow for task queue 'SYNC'...
2023-07-18 23:49:20 [32mINFO[m i.a.w.ApplicationInitializer(registerSync):338 - Sync Workflow registered.
2023-07-18 23:49:20 [32mINFO[m i.a.w.ApplicationInitializer(registerConnectionManager):284 - Connection Manager Workflow registered.
2023-07-18 23:49:20 [32mINFO[m i.a.w.ApplicationInitializer(registerNotification):246 - registering new notification workflow
2023-07-18 23:49:20 [32mINFO[m i.a.w.ApplicationInitializer(onApplicationEvent):172 - Starting worker factory...
2023-07-18 23:49:20 [32mINFO[m i.t.i.w.Poller(start):91 - start: Poller{name=Workflow Poller taskQueue="DISCOVER_SCHEMA", namespace="default", identity=1@7e45021d4e25}
2023-07-18 23:49:20 [32mINFO[m i.t.i.w.Poller(start):91 - start: Poller{name=Local Activity Poller taskQueue="DISCOVER_SCHEMA", namespace="default", identity=1@7e45021d4e25}
2023-07-18 23:49:20 [32mINFO[m i.t.i.w.Poller(start):91 - start: Poller{name=Activity Poller taskQueue="DISCOVER_SCHEMA", namespace="default", identity=1@7e45021d4e25}
2023-07-18 23:49:20 [32mINFO[m i.t.i.w.Poller(start):91 - start: Poller{name=Workflow Poller taskQueue="NOTIFY", namespace="default", identity=1@7e45021d4e25}
2023-07-18 23:49:20 [32mINFO[m i.t.i.w.Poller(start):91 - start: Poller{name=Local Activity Poller taskQueue="NOTIFY", namespace="default", identity=1@7e45021d4e25}
2023-07-18 23:49:20 [32mINFO[m i.t.i.w.Poller(start):91 - start: Poller{name=Activity Poller taskQueue="NOTIFY", namespace="default", identity=1@7e45021d4e25}
2023-07-18 23:49:20 [32mINFO[m i.t.i.w.Poller(start):91 - start: Poller{name=Workflow Poller taskQueue="CONNECTION_UPDATER", namespace="default", identity=1@7e45021d4e25}
2023-07-18 23:49:20 [32mINFO[m i.t.i.w.Poller(start):91 - start: Poller{name=Local Activity Poller taskQueue="CONNECTION_UPDATER", namespace="default", identity=1@7e45021d4e25}
2023-07-18 23:49:20 [32mINFO[m i.t.i.w.Poller(start):91 - start: Poller{name=Activity Poller taskQueue="CONNECTION_UPDATER", namespace="default", identity=1@7e45021d4e25}
2023-07-18 23:49:20 [32mINFO[m i.t.i.w.Poller(start):91 - start: Poller{name=Workflow Poller taskQueue="CHECK_CONNECTION", namespace="default", identity=1@7e45021d4e25}
2023-07-18 23:49:20 [32mINFO[m i.t.i.w.Poller(start):91 - start: Poller{name=Local Activity Poller taskQueue="CHECK_CONNECTION", namespace="default", identity=1@7e45021d4e25}
2023-07-18 23:49:20 [32mINFO[m i.t.i.w.Poller(start):91 - start: Poller{name=Activity Poller taskQueue="CHECK_CONNECTION", namespace="default", identity=1@7e45021d4e25}
2023-07-18 23:49:20 [32mINFO[m i.t.i.w.Poller(start):91 - start: Poller{name=Workflow Poller taskQueue="SYNC", namespace="default", identity=1@7e45021d4e25}
2023-07-18 23:49:20 [32mINFO[m i.t.i.w.Poller(start):91 - start: Poller{name=Local Activity Poller taskQueue="SYNC", namespace="default", identity=1@7e45021d4e25}
2023-07-18 23:49:20 [32mINFO[m i.t.i.w.Poller(start):91 - start: Poller{name=Activity Poller taskQueue="SYNC", namespace="default", identity=1@7e45021d4e25}
2023-07-18 23:49:20 [32mINFO[m i.t.i.w.Poller(start):91 - start: Poller{name=Workflow Poller taskQueue="GET_SPEC", namespace="default", identity=1@7e45021d4e25}
2023-07-18 23:49:20 [32mINFO[m i.t.i.w.Poller(start):91 - start: Poller{name=Local Activity Poller taskQueue="GET_SPEC", namespace="default", identity=1@7e45021d4e25}
2023-07-18 23:49:20 [32mINFO[m i.t.i.w.Poller(start):91 - start: Poller{name=Activity Poller taskQueue="GET_SPEC", namespace="default", identity=1@7e45021d4e25}
2023-07-18 23:49:20 [32mINFO[m i.a.w.ApplicationInitializer(onApplicationEvent):175 - Application initialized.
2023-07-18 23:49:20 [32mINFO[m i.m.r.Micronaut(lambda$start$2):98 - Startup completed in 19553ms. Server Running: http://7e45021d4e25:9000
2023-07-18 23:58:02 [32mINFO[m i.a.w.ApplicationInitializer(configureTemporal):359 - Configuring Temporal....
2023-07-18 23:58:02 [32mINFO[m i.a.c.t.TemporalUtils(configureTemporalNamespace):182 - Workflow execution TTL already set for namespace default. Remains unchanged as: 30 days
2023-07-18 23:58:07 [32mINFO[m i.a.w.ApplicationInitializer(initializeControlPlaneDependencies):205 - Checking config database flyway migration version...
2023-07-18 23:58:07 [33mWARN[m i.a.d.c.DatabaseAvailabilityCheck(check):38 - Waiting for database to become available...
2023-07-18 23:58:07 [32mINFO[m i.a.d.c.DatabaseAvailabilityCheck(lambda$isDatabaseConnected$1):75 - Testing airbyte configs database connection...
2023-07-18 23:58:07 [32mINFO[m i.a.d.c.DatabaseAvailabilityCheck(check):57 - Database available.
2023-07-18 23:58:07 [32mINFO[m o.f.c.i.l.s.Slf4jLog(info):49 - Flyway Community Edition 7.14.0 by Redgate
2023-07-18 23:58:07 [32mINFO[m o.f.c.i.l.s.Slf4jLog(info):49 - Database: jdbc:postgresql://db:5432/airbyte (PostgreSQL 13.11)
2023-07-18 23:58:07 [32mINFO[m o.f.c.i.l.s.Slf4jLog(info):49 - Flyway Community Edition 7.14.0 by Redgate
2023-07-18 23:58:07 [32mINFO[m i.a.d.c.DatabaseMigrationCheck(check):46 - Current database migration version 0.50.6.002.
2023-07-18 23:58:07 [32mINFO[m i.a.d.c.DatabaseMigrationCheck(check):47 - Minimum Flyway version required 0.40.23.002.
2023-07-18 23:58:07 [32mINFO[m i.a.d.c.DatabaseMigrationCheck(check):62 - Verified that database has been migrated to the required minimum version 0.40.23.002.
2023-07-18 23:58:07 [32mINFO[m i.a.w.ApplicationInitializer(initializeControlPlaneDependencies):209 - Checking jobs database flyway migration version...
2023-07-18 23:58:07 [33mWARN[m i.a.d.c.DatabaseAvailabilityCheck(check):38 - Waiting for database to become available...
2023-07-18 23:58:07 [32mINFO[m i.a.d.c.DatabaseAvailabilityCheck(lambda$isDatabaseConnected$1):75 - Testing airbyte jobs database connection...
2023-07-18 23:58:07 [32mINFO[m i.a.d.c.DatabaseAvailabilityCheck(check):57 - Database available.
2023-07-18 23:58:07 [32mINFO[m o.f.c.i.l.s.Slf4jLog(info):49 - Flyway Community Edition 7.14.0 by Redgate
2023-07-18 23:58:07 [32mINFO[m o.f.c.i.l.s.Slf4jLog(info):49 - Database: jdbc:postgresql://db:5432/airbyte (PostgreSQL 13.11)
2023-07-18 23:58:07 [32mINFO[m o.f.c.i.l.s.Slf4jLog(info):49 - Flyway Community Edition 7.14.0 by Redgate
2023-07-18 23:58:07 [32mINFO[m i.a.d.c.DatabaseMigrationCheck(check):46 - Current database migration version 0.50.4.001.
2023-07-18 23:58:07 [32mINFO[m i.a.d.c.DatabaseMigrationCheck(check):47 - Minimum Flyway version required 0.40.26.001.
2023-07-18 23:58:07 [32mINFO[m i.a.d.c.DatabaseMigrationCheck(check):62 - Verified that database has been migrated to the required minimum version 0.40.26.001.
2023-07-18 23:58:07 [32mINFO[m i.a.w.ApplicationInitializer(initializeControlPlaneDependencies):213 - Checking jobs database availability...
2023-07-18 23:58:07 [33mWARN[m i.a.d.c.DatabaseAvailabilityCheck(check):38 - Waiting for database to become available...
2023-07-18 23:58:07 [32mINFO[m i.a.d.c.DatabaseAvailabilityCheck(lambda$isDatabaseConnected$1):75 - Testing airbyte jobs database connection...
2023-07-18 23:58:07 [32mINFO[m i.a.d.c.DatabaseAvailabilityCheck(check):57 - Database available.
2023-07-18 23:58:07 [32mINFO[m i.a.w.ApplicationInitializer(registerWorkerFactory):219 - Registering worker factories....
2023-07-18 23:58:07 [32mINFO[m i.a.w.ApplicationInitializer(registerGetSpec):315 - Get Spec Workflow registered.
2023-07-18 23:58:07 [32mINFO[m i.a.w.ApplicationInitializer(registerCheckConnection):268 - Check Connection Workflow registered.
2023-07-18 23:58:07 [32mINFO[m i.a.w.ApplicationInitializer(registerDiscover):301 - Discover Workflow registered.
2023-07-18 23:58:07 [32mINFO[m i.a.w.ApplicationInitializer(registerSync):328 - Registering sync workflow for task queue 'SYNC'...
2023-07-18 23:58:07 [32mINFO[m i.a.w.ApplicationInitializer(registerSync):338 - Sync Workflow registered.
2023-07-18 23:58:07 [32mINFO[m i.a.w.ApplicationInitializer(registerConnectionManager):284 - Connection Manager Workflow registered.
2023-07-18 23:58:07 [32mINFO[m i.a.w.ApplicationInitializer(registerNotification):246 - registering new notification workflow
2023-07-18 23:58:07 [32mINFO[m i.a.w.ApplicationInitializer(onApplicationEvent):172 - Starting worker factory...
2023-07-18 23:58:07 [32mINFO[m i.t.i.w.Poller(start):91 - start: Poller{name=Workflow Poller taskQueue="DISCOVER_SCHEMA", namespace="default", identity=1@297ee472cd88}
2023-07-18 23:58:07 [32mINFO[m i.t.i.w.Poller(start):91 - start: Poller{name=Local Activity Poller taskQueue="DISCOVER_SCHEMA", namespace="default", identity=1@297ee472cd88}
2023-07-18 23:58:07 [32mINFO[m i.t.i.w.Poller(start):91 - start: Poller{name=Activity Poller taskQueue="DISCOVER_SCHEMA", namespace="default", identity=1@297ee472cd88}
2023-07-18 23:58:07 [32mINFO[m i.t.i.w.Poller(start):91 - start: Poller{name=Workflow Poller taskQueue="NOTIFY", namespace="default", identity=1@297ee472cd88}
2023-07-18 23:58:07 [32mINFO[m i.t.i.w.Poller(start):91 - start: Poller{name=Local Activity Poller taskQueue="NOTIFY", namespace="default", identity=1@297ee472cd88}
2023-07-18 23:58:07 [32mINFO[m i.t.i.w.Poller(start):91 - start: Poller{name=Activity Poller taskQueue="NOTIFY", namespace="default", identity=1@297ee472cd88}
2023-07-18 23:58:07 [32mINFO[m i.t.i.w.Poller(start):91 - start: Poller{name=Workflow Poller taskQueue="CONNECTION_UPDATER", namespace="default", identity=1@297ee472cd88}
2023-07-18 23:58:07 [32mINFO[m i.t.i.w.Poller(start):91 - start: Poller{name=Local Activity Poller taskQueue="CONNECTION_UPDATER", namespace="default", identity=1@297ee472cd88}
2023-07-18 23:58:07 [32mINFO[m i.t.i.w.Poller(start):91 - start: Poller{name=Activity Poller taskQueue="CONNECTION_UPDATER", namespace="default", identity=1@297ee472cd88}
2023-07-18 23:58:08 [32mINFO[m i.t.i.w.Poller(start):91 - start: Poller{name=Workflow Poller taskQueue="CHECK_CONNECTION", namespace="default", identity=1@297ee472cd88}
2023-07-18 23:58:08 [32mINFO[m i.t.i.w.Poller(start):91 - start: Poller{name=Local Activity Poller taskQueue="CHECK_CONNECTION", namespace="default", identity=1@297ee472cd88}
2023-07-18 23:58:08 [32mINFO[m i.t.i.w.Poller(start):91 - start: Poller{name=Activity Poller taskQueue="CHECK_CONNECTION", namespace="default", identity=1@297ee472cd88}
2023-07-18 23:58:08 [32mINFO[m i.t.i.w.Poller(start):91 - start: Poller{name=Workflow Poller taskQueue="SYNC", namespace="default", identity=1@297ee472cd88}
2023-07-18 23:58:08 [32mINFO[m i.t.i.w.Poller(start):91 - start: Poller{name=Local Activity Poller taskQueue="SYNC", namespace="default", identity=1@297ee472cd88}
2023-07-18 23:58:08 [32mINFO[m i.t.i.w.Poller(start):91 - start: Poller{name=Activity Poller taskQueue="SYNC", namespace="default", identity=1@297ee472cd88}
2023-07-18 23:58:08 [32mINFO[m i.t.i.w.Poller(start):91 - start: Poller{name=Workflow Poller taskQueue="GET_SPEC", namespace="default", identity=1@297ee472cd88}
2023-07-18 23:58:08 [32mINFO[m i.t.i.w.Poller(start):91 - start: Poller{name=Local Activity Poller taskQueue="GET_SPEC", namespace="default", identity=1@297ee472cd88}
2023-07-18 23:58:08 [32mINFO[m i.t.i.w.Poller(start):91 - start: Poller{name=Activity Poller taskQueue="GET_SPEC", namespace="default", identity=1@297ee472cd88}
2023-07-18 23:58:08 [32mINFO[m i.a.w.ApplicationInitializer(onApplicationEvent):175 - Application initialized.
2023-07-18 23:58:08 [32mINFO[m i.m.r.Micronaut(lambda$start$2):98 - Startup completed in 18711ms. Server Running: http://297ee472cd88:9000
